2014/02/09 21:38:53 [error] [exception.CHttpException.404] exception 'CHttpException' with message 'Unable to resolve the request "gii.".' in /home4/lofty/public_html/loftybook/yii/framework/web/CWebApplication.php:286
Stack trace:
#0 /home4/lofty/public_html/loftybook/yii/framework/web/CWebApplication.php(141): CWebApplication->runController('gii.')
#1 /home4/lofty/public_html/loftybook/yii/framework/base/CApplication.php(180): CWebApplication->processRequest()
#2 /home4/lofty/public_html/loftybook/yii/prices/index.php(13): CApplication->run()
#3 {main}
REQUEST_URI=/yii/prices/index.php?r=gii.
---
2014/02/09 21:39:12 [error] [exception.CHttpException.404] exception 'CHttpException' with message 'Unable to resolve the request "gii.".' in /home4/lofty/public_html/loftybook/yii/framework/web/CWebApplication.php:286
Stack trace:
#0 /home4/lofty/public_html/loftybook/yii/framework/web/CWebApplication.php(141): CWebApplication->runController('gii.')
#1 /home4/lofty/public_html/loftybook/yii/framework/base/CApplication.php(180): CWebApplication->processRequest()
#2 /home4/lofty/public_html/loftybook/yii/prices/index.php(13): CApplication->run()
#3 {main}
REQUEST_URI=/yii/prices/index.php?r=gii.
---
2014/02/09 21:39:16 [error] [exception.CHttpException.403] exception 'CHttpException' with message 'You are not allowed to access this page.' in /home4/lofty/public_html/loftybook/yii/framework/gii/GiiModule.php:170
Stack trace:
#0 /home4/lofty/public_html/loftybook/yii/framework/web/CController.php(263): GiiModule->beforeControllerAction(Object(DefaultController), Object(CInlineAction))
#1 /home4/lofty/public_html/loftybook/yii/framework/web/CWebApplication.php(282): CController->run('')
#2 /home4/lofty/public_html/loftybook/yii/framework/web/CWebApplication.php(141): CWebApplication->runController('gii')
#3 /home4/lofty/public_html/loftybook/yii/framework/base/CApplication.php(180): CWebApplication->processRequest()
#4 /home4/lofty/public_html/loftybook/yii/prices/index.php(13): CApplication->run()
#5 {main}
REQUEST_URI=/yii/prices/index.php?r=gii
---
2014/02/09 21:40:09 [error] [exception.CHttpException.403] exception 'CHttpException' with message 'You are not allowed to access this page.' in /home4/lofty/public_html/loftybook/yii/framework/gii/GiiModule.php:170
Stack trace:
#0 /home4/lofty/public_html/loftybook/yii/framework/web/CController.php(263): GiiModule->beforeControllerAction(Object(DefaultController), Object(CInlineAction))
#1 /home4/lofty/public_html/loftybook/yii/framework/web/CWebApplication.php(282): CController->run('')
#2 /home4/lofty/public_html/loftybook/yii/framework/web/CWebApplication.php(141): CWebApplication->runController('gii')
#3 /home4/lofty/public_html/loftybook/yii/framework/base/CApplication.php(180): CWebApplication->processRequest()
#4 /home4/lofty/public_html/loftybook/yii/prices/index.php(13): CApplication->run()
#5 {main}
REQUEST_URI=/yii/prices/index.php?r=gii
---
2014/02/09 21:40:22 [error] [exception.CHttpException.403] exception 'CHttpException' with message 'You are not allowed to access this page.' in /home4/lofty/public_html/loftybook/yii/framework/gii/GiiModule.php:170
Stack trace:
#0 /home4/lofty/public_html/loftybook/yii/framework/web/CController.php(263): GiiModule->beforeControllerAction(Object(DefaultController), Object(CInlineAction))
#1 /home4/lofty/public_html/loftybook/yii/framework/web/CWebApplication.php(282): CController->run('')
#2 /home4/lofty/public_html/loftybook/yii/framework/web/CWebApplication.php(141): CWebApplication->runController('gii')
#3 /home4/lofty/public_html/loftybook/yii/framework/base/CApplication.php(180): CWebApplication->processRequest()
#4 /home4/lofty/public_html/loftybook/yii/prices/index.php(13): CApplication->run()
#5 {main}
REQUEST_URI=/yii/prices/index.php?r=gii
---
2014/02/09 21:41:00 [error] [exception.CHttpException.403] exception 'CHttpException' with message 'You are not allowed to access this page.' in /home4/lofty/public_html/loftybook/yii/framework/gii/GiiModule.php:170
Stack trace:
#0 /home4/lofty/public_html/loftybook/yii/framework/web/CController.php(263): GiiModule->beforeControllerAction(Object(DefaultController), Object(CInlineAction))
#1 /home4/lofty/public_html/loftybook/yii/framework/web/CWebApplication.php(282): CController->run('index')
#2 /home4/lofty/public_html/loftybook/yii/framework/web/CWebApplication.php(141): CWebApplication->runController('gii/default/ind...')
#3 /home4/lofty/public_html/loftybook/yii/framework/base/CApplication.php(180): CWebApplication->processRequest()
#4 /home4/lofty/public_html/loftybook/yii/prices/index.php(13): CApplication->run()
#5 {main}
REQUEST_URI=/yii/prices/index.php?r=gii/default/index
HTTP_REFERER=http://prices.theloftsgards.com/yii/prices/index.php?r=gii
---
2014/02/09 21:41:19 [error] [exception.CHttpException.403] exception 'CHttpException' with message 'You are not allowed to access this page.' in /home4/lofty/public_html/loftybook/yii/framework/gii/GiiModule.php:170
Stack trace:
#0 /home4/lofty/public_html/loftybook/yii/framework/web/CController.php(263): GiiModule->beforeControllerAction(Object(DefaultController), Object(CInlineAction))
#1 /home4/lofty/public_html/loftybook/yii/framework/web/CWebApplication.php(282): CController->run('index')
#2 /home4/lofty/public_html/loftybook/yii/framework/web/CWebApplication.php(141): CWebApplication->runController('gii/default/ind...')
#3 /home4/lofty/public_html/loftybook/yii/framework/base/CApplication.php(180): CWebApplication->processRequest()
#4 /home4/lofty/public_html/loftybook/yii/prices/index.php(13): CApplication->run()
#5 {main}
REQUEST_URI=/yii/prices/index.php?r=gii/default/index
HTTP_REFERER=http://prices.theloftsgards.com/yii/prices/index.php?r=gii
---
2014/02/09 21:43:06 [error] [exception.CHttpException.403] exception 'CHttpException' with message 'You are not allowed to access this page.' in /home4/lofty/public_html/loftybook/yii/framework/gii/GiiModule.php:170
Stack trace:
#0 /home4/lofty/public_html/loftybook/yii/framework/web/CController.php(263): GiiModule->beforeControllerAction(Object(DefaultController), Object(CInlineAction))
#1 /home4/lofty/public_html/loftybook/yii/framework/web/CWebApplication.php(282): CController->run('')
#2 /home4/lofty/public_html/loftybook/yii/framework/web/CWebApplication.php(141): CWebApplication->runController('gii')
#3 /home4/lofty/public_html/loftybook/yii/framework/base/CApplication.php(180): CWebApplication->processRequest()
#4 /home4/lofty/public_html/loftybook/yii/prices/index.php(13): CApplication->run()
#5 {main}
REQUEST_URI=/yii/prices/index.php?r=gii
---
2014/02/09 21:44:59 [error] [exception.CHttpException.403] exception 'CHttpException' with message 'You are not allowed to access this page.' in /home4/lofty/public_html/loftybook/yii/framework/gii/GiiModule.php:170
Stack trace:
#0 /home4/lofty/public_html/loftybook/yii/framework/web/CController.php(263): GiiModule->beforeControllerAction(Object(DefaultController), Object(CInlineAction))
#1 /home4/lofty/public_html/loftybook/yii/framework/web/CWebApplication.php(282): CController->run('')
#2 /home4/lofty/public_html/loftybook/yii/framework/web/CWebApplication.php(141): CWebApplication->runController('gii')
#3 /home4/lofty/public_html/loftybook/yii/framework/base/CApplication.php(180): CWebApplication->processRequest()
#4 /home4/lofty/public_html/loftybook/yii/prices/index.php(13): CApplication->run()
#5 {main}
REQUEST_URI=/yii/prices/index.php?r=gii
---
2014/02/09 21:46:38 [error] [exception.CDbException] exception 'CDbException' with message 'CDbConnection failed to open the DB connection: SQLSTATE[28000] [1045] Access denied for user 'root'@'localhost' (using password: NO)' in /home4/lofty/public_html/loftybook/yii/framework/db/CDbConnection.php:382
Stack trace:
#0 /home4/lofty/public_html/loftybook/yii/framework/db/CDbConnection.php(330): CDbConnection->open()
#1 /home4/lofty/public_html/loftybook/yii/framework/db/CDbConnection.php(308): CDbConnection->setActive(true)
#2 /home4/lofty/public_html/loftybook/yii/framework/base/CModule.php(387): CDbConnection->init()
#3 /home4/lofty/public_html/loftybook/yii/framework/base/CModule.php(103): CModule->getComponent('db')
#4 /home4/lofty/public_html/loftybook/yii/framework/gii/generators/model/ModelCode.php(60): CModule->__get('db')
#5 /home4/lofty/public_html/loftybook/yii/framework/web/CFormModel.php(39): ModelCode->init()
#6 /home4/lofty/public_html/loftybook/yii/framework/gii/CCodeGenerator.php(153): CFormModel->__construct()
#7 /home4/lofty/public_html/loftybook/yii/framework/gii/CCodeGenerator.php(63): CCodeGenerator->prepare()
#8 /home4/lofty/public_html/loftybook/yii/framework/web/actions/CInlineAction.php(49): CCodeGenerator->actionIndex()
#9 /home4/lofty/public_html/loftybook/yii/framework/web/CController.php(308): CInlineAction->runWithParams(Array)
#10 /home4/lofty/public_html/loftybook/yii/framework/web/CController.php(286): CController->runAction(Object(CInlineAction))
#11 /home4/lofty/public_html/loftybook/yii/framework/web/CController.php(265): CController->runActionWithFilters(Object(CInlineAction), Array)
#12 /home4/lofty/public_html/loftybook/yii/framework/web/CWebApplication.php(282): CController->run('index')
#13 /home4/lofty/public_html/loftybook/yii/framework/web/CWebApplication.php(141): CWebApplication->runController('gii/model/index')
#14 /home4/lofty/public_html/loftybook/yii/framework/base/CApplication.php(180): CWebApplication->processRequest()
#15 /home4/lofty/public_html/loftybook/yii/prices/index.php(13): CApplication->run()
#16 {main}
REQUEST_URI=/yii/prices/index.php?r=gii/model/index
HTTP_REFERER=http://prices.theloftsgards.com/yii/prices/index.php?r=gii/default/index
---
2014/02/09 22:07:27 [error] [system.db.CDbCommand] CDbCommand::execute() failed: SQLSTATE[23000]: Integrity constraint violation: 1062 Duplicate entry '0' for key 'PRIMARY'. The SQL statement executed was: INSERT INTO `store` (`name`) VALUES (:yp0).
in /home4/lofty/public_html/loftybook/yii/prices/protected/controllers/StoreController.php (73)
in /home4/lofty/public_html/loftybook/yii/prices/index.php (13)
2014/02/09 22:07:27 [error] [exception.CDbException] exception 'CDbException' with message 'CDbCommand failed to execute the SQL statement: SQLSTATE[23000]: Integrity constraint violation: 1062 Duplicate entry '0' for key 'PRIMARY'. The SQL statement executed was: INSERT INTO `store` (`name`) VALUES (:yp0)' in /home4/lofty/public_html/loftybook/yii/framework/db/CDbCommand.php:358
Stack trace:
#0 /home4/lofty/public_html/loftybook/yii/framework/db/ar/CActiveRecord.php(1077): CDbCommand->execute()
#1 /home4/lofty/public_html/loftybook/yii/framework/db/ar/CActiveRecord.php(806): CActiveRecord->insert(NULL)
#2 /home4/lofty/public_html/loftybook/yii/prices/protected/controllers/StoreController.php(73): CActiveRecord->save()
#3 /home4/lofty/public_html/loftybook/yii/framework/web/actions/CInlineAction.php(49): StoreController->actionCreate()
#4 /home4/lofty/public_html/loftybook/yii/framework/web/CController.php(308): CInlineAction->runWithParams(Array)
#5 /home4/lofty/public_html/loftybook/yii/framework/web/filters/CFilterChain.php(133): CController->runAction(Object(CInlineAction))
#6 /home4/lofty/public_html/loftybook/yii/framework/web/filters/CFilter.php(40): CFilterChain->run()
#7 /home4/lofty/public_html/loftybook/yii/framework/web/CController.php(1145): CFilter->filter(Object(CFilterChain))
#8 /home4/lofty/public_html/loftybook/yii/framework/web/filters/CInlineFilter.php(58): CController->filterAccessControl(Object(CFilterChain))
#9 /home4/lofty/public_html/loftybook/yii/framework/web/filters/CFilterChain.php(130): CInlineFilter->filter(Object(CFilterChain))
#10 /home4/lofty/public_html/loftybook/yii/framework/web/CController.php(291): CFilterChain->run()
#11 /home4/lofty/public_html/loftybook/yii/framework/web/CController.php(265): CController->runActionWithFilters(Object(CInlineAction), Array)
#12 /home4/lofty/public_html/loftybook/yii/framework/web/CWebApplication.php(282): CController->run('create')
#13 /home4/lofty/public_html/loftybook/yii/framework/web/CWebApplication.php(141): CWebApplication->runController('store/create')
#14 /home4/lofty/public_html/loftybook/yii/framework/base/CApplication.php(180): CWebApplication->processRequest()
#15 /home4/lofty/public_html/loftybook/yii/prices/index.php(13): CApplication->run()
#16 {main}
REQUEST_URI=/yii/prices/index.php?r=store/create
HTTP_REFERER=http://prices.theloftsgards.com/yii/prices/index.php?r=store/create
---
2014/02/09 22:14:08 [error] [exception.CHttpException.404] exception 'CHttpException' with message 'Unable to resolve the request "brands".' in /home4/lofty/public_html/loftybook/yii/framework/web/CWebApplication.php:286
Stack trace:
#0 /home4/lofty/public_html/loftybook/yii/framework/web/CWebApplication.php(141): CWebApplication->runController('brands')
#1 /home4/lofty/public_html/loftybook/yii/framework/base/CApplication.php(180): CWebApplication->processRequest()
#2 /home4/lofty/public_html/loftybook/yii/prices/index.php(13): CApplication->run()
#3 {main}
REQUEST_URI=/yii/prices/index.php?r=brands
---
2014/02/11 21:26:20 [error] [exception.CDbException] exception 'CDbException' with message 'Active record "Product" has an invalid configuration for relation "Properties". It must specify the relation type, the related active record class and the foreign key.' in /home4/lofty/public_html/loftybook/yii/framework/db/ar/CActiveRecord.php:2410
Stack trace:
#0 /home4/lofty/public_html/loftybook/yii/framework/db/ar/CActiveRecord.php(2389): CActiveRecordMetaData->addRelation('Properties', Array)
#1 /home4/lofty/public_html/loftybook/yii/framework/db/ar/CActiveRecord.php(411): CActiveRecordMetaData->__construct(Object(Product))
#2 /home4/lofty/public_html/loftybook/yii/framework/db/ar/CActiveRecord.php(658): CActiveRecord->getMetaData()
#3 /home4/lofty/public_html/loftybook/yii/framework/db/ar/CActiveRecord.php(1485): CActiveRecord->getTableSchema()
#4 /home4/lofty/public_html/loftybook/yii/prices/protected/controllers/ProductController.php(155): CActiveRecord->findByPk('1')
#5 /home4/lofty/public_html/loftybook/yii/prices/protected/controllers/ProductController.php(55): ProductController->loadModel('1')
#6 [internal function]: ProductController->actionView('1')
#7 /home4/lofty/public_html/loftybook/yii/framework/web/actions/CAction.php(108): ReflectionMethod->invokeArgs(Object(ProductController), Array)
#8 /home4/lofty/public_html/loftybook/yii/framework/web/actions/CInlineAction.php(47): CAction->runWithParamsInternal(Object(ProductController), Object(ReflectionMethod), Array)
#9 /home4/lofty/public_html/loftybook/yii/framework/web/CController.php(308): CInlineAction->runWithParams(Array)
#10 /home4/lofty/public_html/loftybook/yii/framework/web/filters/CFilterChain.php(133): CController->runAction(Object(CInlineAction))
#11 /home4/lofty/public_html/loftybook/yii/framework/web/filters/CFilter.php(40): CFilterChain->run()
#12 /home4/lofty/public_html/loftybook/yii/framework/web/CController.php(1145): CFilter->filter(Object(CFilterChain))
#13 /home4/lofty/public_html/loftybook/yii/framework/web/filters/CInlineFilter.php(58): CController->filterAccessControl(Object(CFilterChain))
#14 /home4/lofty/public_html/loftybook/yii/framework/web/filters/CFilterChain.php(130): CInlineFilter->filter(Object(CFilterChain))
#15 /home4/lofty/public_html/loftybook/yii/framework/web/CController.php(291): CFilterChain->run()
#16 /home4/lofty/public_html/loftybook/yii/framework/web/CController.php(265): CController->runActionWithFilters(Object(CInlineAction), Array)
#17 /home4/lofty/public_html/loftybook/yii/framework/web/CWebApplication.php(282): CController->run('view')
#18 /home4/lofty/public_html/loftybook/yii/framework/web/CWebApplication.php(141): CWebApplication->runController('product/view')
#19 /home4/lofty/public_html/loftybook/yii/framework/base/CApplication.php(180): CWebApplication->processRequest()
#20 /home4/lofty/public_html/loftybook/yii/prices/index.php(13): CApplication->run()
#21 {main}
REQUEST_URI=/yii/prices/index.php?r=product/view&id=1
---
2014/03/02 17:57:27 [error] [exception.CHttpException.404] exception 'CHttpException' with message 'The system is unable to find the requested action "product".' in /home4/lofty/public_html/loftybook/yii/framework/web/CController.php:483
Stack trace:
#0 /home4/lofty/public_html/loftybook/yii/framework/web/CController.php(270): CController->missingAction('product')
#1 /home4/lofty/public_html/loftybook/yii/framework/web/CWebApplication.php(282): CController->run('product')
#2 /home4/lofty/public_html/loftybook/yii/framework/web/CWebApplication.php(141): CWebApplication->runController('site/product/in...')
#3 /home4/lofty/public_html/loftybook/yii/framework/base/CApplication.php(180): CWebApplication->processRequest()
#4 /home4/lofty/public_html/loftybook/yii/prices/index.php(13): CApplication->run()
#5 {main}
REQUEST_URI=/yii/prices/index.php?r=site/product/index
HTTP_REFERER=http://prices.theloftsgards.com/yii/prices/index.php?r=site/index
---
2014/03/02 19:33:46 [error] [exception.CHttpException.404] exception 'CHttpException' with message 'Unable to resolve the request "meta/index".' in /home4/lofty/public_html/loftybook/yii/framework/web/CWebApplication.php:286
Stack trace:
#0 /home4/lofty/public_html/loftybook/yii/framework/web/CWebApplication.php(141): CWebApplication->runController('meta/index')
#1 /home4/lofty/public_html/loftybook/yii/framework/base/CApplication.php(180): CWebApplication->processRequest()
#2 /home4/lofty/public_html/loftybook/yii/prices/index.php(13): CApplication->run()
#3 {main}
REQUEST_URI=/yii/prices/index.php?r=meta/index
HTTP_REFERER=http://prices.theloftsgards.com/yii/prices/index.php?r=unit/index
---
2014/03/02 19:47:52 [error] [exception.CHttpException.404] exception 'CHttpException' with message 'Unable to resolve the request "meta/index".' in /home4/lofty/public_html/loftybook/yii/framework/web/CWebApplication.php:286
Stack trace:
#0 /home4/lofty/public_html/loftybook/yii/framework/web/CWebApplication.php(141): CWebApplication->runController('meta/index')
#1 /home4/lofty/public_html/loftybook/yii/framework/base/CApplication.php(180): CWebApplication->processRequest()
#2 /home4/lofty/public_html/loftybook/yii/prices/index.php(13): CApplication->run()
#3 {main}
REQUEST_URI=/yii/prices/index.php?r=meta/index
HTTP_REFERER=http://prices.theloftsgards.com/yii/prices/index.php?r=unit/index
---
2014/03/02 19:47:56 [error] [system.db.CDbCommand] CDbCommand::fetchAll() failed: SQLSTATE[42S02]: Base table or view not found: 1146 Table 'lofty_prices.product_propery' doesn't exist. The SQL statement executed was: SHOW FULL COLUMNS FROM `product_propery`.
in /home4/lofty/public_html/loftybook/yii/prices/protected/views/productproperty/index.php (20)
in /home4/lofty/public_html/loftybook/yii/prices/protected/controllers/ProductpropertyController.php (128)
in /home4/lofty/public_html/loftybook/yii/prices/index.php (13)
2014/03/02 19:47:56 [error] [exception.CDbException] exception 'CDbException' with message 'The table "product_propery" for active record class "ProductProperty" cannot be found in the database.' in /home4/lofty/public_html/loftybook/yii/framework/db/ar/CActiveRecord.php:2362
Stack trace:
#0 /home4/lofty/public_html/loftybook/yii/framework/db/ar/CActiveRecord.php(411): CActiveRecordMetaData->__construct(Object(ProductProperty))
#1 /home4/lofty/public_html/loftybook/yii/framework/db/ar/CActiveRecord.php(658): CActiveRecord->getMetaData()
#2 /home4/lofty/public_html/loftybook/yii/framework/db/ar/CActiveRecord.php(1601): CActiveRecord->getTableSchema()
#3 /home4/lofty/public_html/loftybook/yii/framework/web/CActiveDataProvider.php(228): CActiveRecord->count(Object(CDbCriteria))
#4 /home4/lofty/public_html/loftybook/yii/framework/web/CDataProvider.php(224): CActiveDataProvider->calculateTotalItemCount()
#5 /home4/lofty/public_html/loftybook/yii/framework/web/CActiveDataProvider.php(178): CDataProvider->getTotalItemCount()
#6 /home4/lofty/public_html/loftybook/yii/framework/web/CDataProvider.php(168): CActiveDataProvider->fetchData()
#7 /home4/lofty/public_html/loftybook/yii/framework/zii/widgets/CBaseListView.php(111): CDataProvider->getData()
#8 /home4/lofty/public_html/loftybook/yii/framework/zii/widgets/CListView.php(211): CBaseListView->init()
#9 /home4/lofty/public_html/loftybook/yii/framework/web/CBaseController.php(147): CListView->init()
#10 /home4/lofty/public_html/loftybook/yii/framework/web/CBaseController.php(172): CBaseController->createWidget('zii.widgets.CLi...', Array)
#11 /home4/lofty/public_html/loftybook/yii/prices/protected/views/productproperty/index.php(20): CBaseController->widget('zii.widgets.CLi...', Array)
#12 /home4/lofty/public_html/loftybook/yii/framework/web/CBaseController.php(126): require('/home4/lofty/pu...')
#13 /home4/lofty/public_html/loftybook/yii/framework/web/CBaseController.php(95): CBaseController->renderInternal('/home4/lofty/pu...', Array, true)
#14 /home4/lofty/public_html/loftybook/yii/framework/web/CController.php(869): CBaseController->renderFile('/home4/lofty/pu...', Array, true)
#15 /home4/lofty/public_html/loftybook/yii/framework/web/CController.php(782): CController->renderPartial('index', Array, true)
#16 /home4/lofty/public_html/loftybook/yii/prices/protected/controllers/ProductpropertyController.php(128): CController->render('index', Array)
#17 /home4/lofty/public_html/loftybook/yii/framework/web/actions/CInlineAction.php(49): ProductpropertyController->actionIndex()
#18 /home4/lofty/public_html/loftybook/yii/framework/web/CController.php(308): CInlineAction->runWithParams(Array)
#19 /home4/lofty/public_html/loftybook/yii/framework/web/filters/CFilterChain.php(133): CController->runAction(Object(CInlineAction))
#20 /home4/lofty/public_html/loftybook/yii/framework/web/filters/CFilter.php(40): CFilterChain->run()
#21 /home4/lofty/public_html/loftybook/yii/framework/web/CController.php(1145): CFilter->filter(Object(CFilterChain))
#22 /home4/lofty/public_html/loftybook/yii/framework/web/filters/CInlineFilter.php(58): CController->filterAccessControl(Object(CFilterChain))
#23 /home4/lofty/public_html/loftybook/yii/framework/web/filters/CFilterChain.php(130): CInlineFilter->filter(Object(CFilterChain))
#24 /home4/lofty/public_html/loftybook/yii/framework/web/CController.php(291): CFilterChain->run()
#25 /home4/lofty/public_html/loftybook/yii/framework/web/CController.php(265): CController->runActionWithFilters(Object(CInlineAction), Array)
#26 /home4/lofty/public_html/loftybook/yii/framework/web/CWebApplication.php(282): CController->run('index')
#27 /home4/lofty/public_html/loftybook/yii/framework/web/CWebApplication.php(141): CWebApplication->runController('productproperty...')
#28 /home4/lofty/public_html/loftybook/yii/framework/base/CApplication.php(180): CWebApplication->processRequest()
#29 /home4/lofty/public_html/loftybook/yii/prices/index.php(13): CApplication->run()
#30 {main}
REQUEST_URI=/yii/prices/index.php?r=productproperty/index
HTTP_REFERER=http://prices.theloftsgards.com/yii/prices/index.php?r=meta/index
---
2014/03/02 20:27:25 [error] [php] include(self:BELONGS_TO.php) [<a href='function.include'>function.include</a>]: failed to open stream: No such file or directory (/home4/lofty/public_html/loftybook/yii/framework/YiiBase.php:427)
Stack trace:
#0 /home4/lofty/public_html/loftybook/yii/framework/db/ar/CActiveRecord.php(2408): spl_autoload_call()
#1 /home4/lofty/public_html/loftybook/yii/framework/db/ar/CActiveRecord.php(2389): CActiveRecordMetaData->addRelation()
#2 /home4/lofty/public_html/loftybook/yii/framework/db/ar/CActiveRecord.php(411): CActiveRecordMetaData->__construct()
#3 /home4/lofty/public_html/loftybook/yii/framework/db/ar/CActiveRecord.php(658): Price->getMetaData()
#4 /home4/lofty/public_html/loftybook/yii/framework/db/ar/CActiveRecord.php(1601): Price->getTableSchema()
#5 /home4/lofty/public_html/loftybook/yii/framework/web/CActiveDataProvider.php(228): Price->count()
#6 /home4/lofty/public_html/loftybook/yii/framework/web/CDataProvider.php(224): CActiveDataProvider->calculateTotalItemCount()
#7 /home4/lofty/public_html/loftybook/yii/framework/web/CActiveDataProvider.php(178): CActiveDataProvider->getTotalItemCount()
#8 /home4/lofty/public_html/loftybook/yii/framework/web/CDataProvider.php(168): CActiveDataProvider->fetchData()
#9 /home4/lofty/public_html/loftybook/yii/framework/zii/widgets/CBaseListView.php(111): CActiveDataProvider->getData()
#10 /home4/lofty/public_html/loftybook/yii/framework/zii/widgets/CListView.php(211): CListView->init()
#11 /home4/lofty/public_html/loftybook/yii/framework/web/CBaseController.php(147): CListView->init()
#12 /home4/lofty/public_html/loftybook/yii/framework/web/CBaseController.php(172): PriceController->createWidget()
#13 /home4/lofty/public_html/loftybook/yii/prices/protected/views/price/index.php(20): PriceController->widget()
#14 /home4/lofty/public_html/loftybook/yii/framework/web/CBaseController.php(126): require()
#15 /home4/lofty/public_html/loftybook/yii/framework/web/CBaseController.php(95): PriceController->renderInternal()
#16 /home4/lofty/public_html/loftybook/yii/framework/web/CController.php(869): PriceController->renderFile()
#17 /home4/lofty/public_html/loftybook/yii/framework/web/CController.php(782): PriceController->renderPartial()
#18 /home4/lofty/public_html/loftybook/yii/prices/protected/controllers/PriceController.php(128): PriceController->render()
#19 /home4/lofty/public_html/loftybook/yii/framework/web/actions/CInlineAction.php(49): PriceController->actionIndex()
#20 /home4/lofty/public_html/loftybook/yii/framework/web/CController.php(308): CInlineAction->runWithParams()
#21 /home4/lofty/public_html/loftybook/yii/framework/web/filters/CFilterChain.php(133): PriceController->runAction()
#22 /home4/lofty/public_html/loftybook/yii/framework/web/filters/CFilter.php(40): CFilterChain->run()
#23 /home4/lofty/public_html/loftybook/yii/framework/web/CController.php(1145): CAccessControlFilter->filter()
#24 /home4/lofty/public_html/loftybook/yii/framework/web/filters/CInlineFilter.php(58): PriceController->filterAccessControl()
#25 /home4/lofty/public_html/loftybook/yii/framework/web/filters/CFilterChain.php(130): CInlineFilter->filter()
#26 /home4/lofty/public_html/loftybook/yii/framework/web/CController.php(291): CFilterChain->run()
#27 /home4/lofty/public_html/loftybook/yii/framework/web/CController.php(265): PriceController->runActionWithFilters()
#28 /home4/lofty/public_html/loftybook/yii/framework/web/CWebApplication.php(282): PriceController->run()
#29 /home4/lofty/public_html/loftybook/yii/framework/web/CWebApplication.php(141): CWebApplication->runController()
#30 /home4/lofty/public_html/loftybook/yii/framework/base/CApplication.php(180): CWebApplication->processRequest()
#31 /home4/lofty/public_html/loftybook/yii/prices/index.php(13): CWebApplication->run()
REQUEST_URI=/yii/prices/index.php?r=price/index
in /home4/lofty/public_html/loftybook/yii/prices/protected/views/price/index.php (20)
in /home4/lofty/public_html/loftybook/yii/prices/protected/controllers/PriceController.php (128)
in /home4/lofty/public_html/loftybook/yii/prices/index.php (13)
2014/03/02 20:51:26 [error] [exception.CException] exception 'CException' with message 'PriceController and its behaviors do not have a method or closure named "getCommandBuilder".' in /home4/lofty/public_html/loftybook/yii/framework/base/CComponent.php:266
Stack trace:
#0 /home4/lofty/public_html/loftybook/yii/framework/db/ar/CActiveRecord.php(1469): CComponent->__call('getCommandBuild...', Array)
#1 /home4/lofty/public_html/loftybook/yii/framework/db/ar/CActiveRecord.php(1469): PriceController->getCommandBuilder()
#2 /home4/lofty/public_html/loftybook/yii/prices/protected/views/price/_form.php(24): CActiveRecord->findAll()
#3 /home4/lofty/public_html/loftybook/yii/framework/web/CBaseController.php(126): require('/home4/lofty/pu...')
#4 /home4/lofty/public_html/loftybook/yii/framework/web/CBaseController.php(95): CBaseController->renderInternal('/home4/lofty/pu...', Array, true)
#5 /home4/lofty/public_html/loftybook/yii/framework/web/CController.php(869): CBaseController->renderFile('/home4/lofty/pu...', Array, true)
#6 /home4/lofty/public_html/loftybook/yii/prices/protected/views/price/create.php(18): CController->renderPartial('_form', Array)
#7 /home4/lofty/public_html/loftybook/yii/framework/web/CBaseController.php(126): require('/home4/lofty/pu...')
#8 /home4/lofty/public_html/loftybook/yii/framework/web/CBaseController.php(95): CBaseController->renderInternal('/home4/lofty/pu...', Array, true)
#9 /home4/lofty/public_html/loftybook/yii/framework/web/CController.php(869): CBaseController->renderFile('/home4/lofty/pu...', Array, true)
#10 /home4/lofty/public_html/loftybook/yii/framework/web/CController.php(782): CController->renderPartial('create', Array, true)
#11 /home4/lofty/public_html/loftybook/yii/prices/protected/controllers/PriceController.php(79): CController->render('create', Array)
#12 /home4/lofty/public_html/loftybook/yii/framework/web/actions/CInlineAction.php(49): PriceController->actionCreate()
#13 /home4/lofty/public_html/loftybook/yii/framework/web/CController.php(308): CInlineAction->runWithParams(Array)
#14 /home4/lofty/public_html/loftybook/yii/framework/web/filters/CFilterChain.php(133): CController->runAction(Object(CInlineAction))
#15 /home4/lofty/public_html/loftybook/yii/framework/web/filters/CFilter.php(40): CFilterChain->run()
#16 /home4/lofty/public_html/loftybook/yii/framework/web/CController.php(1145): CFilter->filter(Object(CFilterChain))
#17 /home4/lofty/public_html/loftybook/yii/framework/web/filters/CInlineFilter.php(58): CController->filterAccessControl(Object(CFilterChain))
#18 /home4/lofty/public_html/loftybook/yii/framework/web/filters/CFilterChain.php(130): CInlineFilter->filter(Object(CFilterChain))
#19 /home4/lofty/public_html/loftybook/yii/framework/web/CController.php(291): CFilterChain->run()
#20 /home4/lofty/public_html/loftybook/yii/framework/web/CController.php(265): CController->runActionWithFilters(Object(CInlineAction), Array)
#21 /home4/lofty/public_html/loftybook/yii/framework/web/CWebApplication.php(282): CController->run('create')
#22 /home4/lofty/public_html/loftybook/yii/framework/web/CWebApplication.php(141): CWebApplication->runController('price/create')
#23 /home4/lofty/public_html/loftybook/yii/framework/base/CApplication.php(180): CWebApplication->processRequest()
#24 /home4/lofty/public_html/loftybook/yii/prices/index.php(13): CApplication->run()
#25 {main}
REQUEST_URI=/yii/prices/index.php?r=price/create
HTTP_REFERER=http://prices.theloftsgards.com/yii/prices/index.php?r=site/login
---
2014/03/02 20:54:37 [error] [exception.CException] exception 'CException' with message 'PriceController and its behaviors do not have a method or closure named "getCommandBuilder".' in /home4/lofty/public_html/loftybook/yii/framework/base/CComponent.php:266
Stack trace:
#0 /home4/lofty/public_html/loftybook/yii/framework/db/ar/CActiveRecord.php(1469): CComponent->__call('getCommandBuild...', Array)
#1 /home4/lofty/public_html/loftybook/yii/framework/db/ar/CActiveRecord.php(1469): PriceController->getCommandBuilder()
#2 /home4/lofty/public_html/loftybook/yii/prices/protected/views/price/_form.php(24): CActiveRecord->findAll()
#3 /home4/lofty/public_html/loftybook/yii/framework/web/CBaseController.php(126): require('/home4/lofty/pu...')
#4 /home4/lofty/public_html/loftybook/yii/framework/web/CBaseController.php(95): CBaseController->renderInternal('/home4/lofty/pu...', Array, true)
#5 /home4/lofty/public_html/loftybook/yii/framework/web/CController.php(869): CBaseController->renderFile('/home4/lofty/pu...', Array, true)
#6 /home4/lofty/public_html/loftybook/yii/prices/protected/views/price/create.php(18): CController->renderPartial('_form', Array)
#7 /home4/lofty/public_html/loftybook/yii/framework/web/CBaseController.php(126): require('/home4/lofty/pu...')
#8 /home4/lofty/public_html/loftybook/yii/framework/web/CBaseController.php(95): CBaseController->renderInternal('/home4/lofty/pu...', Array, true)
#9 /home4/lofty/public_html/loftybook/yii/framework/web/CController.php(869): CBaseController->renderFile('/home4/lofty/pu...', Array, true)
#10 /home4/lofty/public_html/loftybook/yii/framework/web/CController.php(782): CController->renderPartial('create', Array, true)
#11 /home4/lofty/public_html/loftybook/yii/prices/protected/controllers/PriceController.php(79): CController->render('create', Array)
#12 /home4/lofty/public_html/loftybook/yii/framework/web/actions/CInlineAction.php(49): PriceController->actionCreate()
#13 /home4/lofty/public_html/loftybook/yii/framework/web/CController.php(308): CInlineAction->runWithParams(Array)
#14 /home4/lofty/public_html/loftybook/yii/framework/web/filters/CFilterChain.php(133): CController->runAction(Object(CInlineAction))
#15 /home4/lofty/public_html/loftybook/yii/framework/web/filters/CFilter.php(40): CFilterChain->run()
#16 /home4/lofty/public_html/loftybook/yii/framework/web/CController.php(1145): CFilter->filter(Object(CFilterChain))
#17 /home4/lofty/public_html/loftybook/yii/framework/web/filters/CInlineFilter.php(58): CController->filterAccessControl(Object(CFilterChain))
#18 /home4/lofty/public_html/loftybook/yii/framework/web/filters/CFilterChain.php(130): CInlineFilter->filter(Object(CFilterChain))
#19 /home4/lofty/public_html/loftybook/yii/framework/web/CController.php(291): CFilterChain->run()
#20 /home4/lofty/public_html/loftybook/yii/framework/web/CController.php(265): CController->runActionWithFilters(Object(CInlineAction), Array)
#21 /home4/lofty/public_html/loftybook/yii/framework/web/CWebApplication.php(282): CController->run('create')
#22 /home4/lofty/public_html/loftybook/yii/framework/web/CWebApplication.php(141): CWebApplication->runController('price/create')
#23 /home4/lofty/public_html/loftybook/yii/framework/base/CApplication.php(180): CWebApplication->processRequest()
#24 /home4/lofty/public_html/loftybook/yii/prices/index.php(13): CApplication->run()
#25 {main}
REQUEST_URI=/yii/prices/index.php?r=price/create
HTTP_REFERER=http://prices.theloftsgards.com/yii/prices/index.php?r=site/login
---
2014/03/02 21:02:50 [error] [exception.CException] exception 'CException' with message 'Property "Price.brand" is not defined.' in /home4/lofty/public_html/loftybook/yii/framework/base/CComponent.php:130
Stack trace:
#0 /home4/lofty/public_html/loftybook/yii/framework/db/ar/CActiveRecord.php(145): CComponent->__get('brand')
#1 /home4/lofty/public_html/loftybook/yii/framework/web/helpers/CHtml.php(2529): CActiveRecord->__get('brand')
#2 /home4/lofty/public_html/loftybook/yii/framework/web/helpers/CHtml.php(1802): CHtml::resolveValue(Object(Price), 'brand')
#3 /home4/lofty/public_html/loftybook/yii/framework/web/widgets/CActiveForm.php(847): CHtml::activeDropDownList(Object(Price), 'brand', Array, Array)
#4 /home4/lofty/public_html/loftybook/yii/prices/protected/views/price/_form.php(30): CActiveForm->dropDownList(Object(Price), 'brand', Array)
#5 /home4/lofty/public_html/loftybook/yii/framework/web/CBaseController.php(126): require('/home4/lofty/pu...')
#6 /home4/lofty/public_html/loftybook/yii/framework/web/CBaseController.php(95): CBaseController->renderInternal('/home4/lofty/pu...', Array, true)
#7 /home4/lofty/public_html/loftybook/yii/framework/web/CController.php(869): CBaseController->renderFile('/home4/lofty/pu...', Array, true)
#8 /home4/lofty/public_html/loftybook/yii/prices/protected/views/price/create.php(18): CController->renderPartial('_form', Array)
#9 /home4/lofty/public_html/loftybook/yii/framework/web/CBaseController.php(126): require('/home4/lofty/pu...')
#10 /home4/lofty/public_html/loftybook/yii/framework/web/CBaseController.php(95): CBaseController->renderInternal('/home4/lofty/pu...', Array, true)
#11 /home4/lofty/public_html/loftybook/yii/framework/web/CController.php(869): CBaseController->renderFile('/home4/lofty/pu...', Array, true)
#12 /home4/lofty/public_html/loftybook/yii/framework/web/CController.php(782): CController->renderPartial('create', Array, true)
#13 /home4/lofty/public_html/loftybook/yii/prices/protected/controllers/PriceController.php(79): CController->render('create', Array)
#14 /home4/lofty/public_html/loftybook/yii/framework/web/actions/CInlineAction.php(49): PriceController->actionCreate()
#15 /home4/lofty/public_html/loftybook/yii/framework/web/CController.php(308): CInlineAction->runWithParams(Array)
#16 /home4/lofty/public_html/loftybook/yii/framework/web/filters/CFilterChain.php(133): CController->runAction(Object(CInlineAction))
#17 /home4/lofty/public_html/loftybook/yii/framework/web/filters/CFilter.php(40): CFilterChain->run()
#18 /home4/lofty/public_html/loftybook/yii/framework/web/CController.php(1145): CFilter->filter(Object(CFilterChain))
#19 /home4/lofty/public_html/loftybook/yii/framework/web/filters/CInlineFilter.php(58): CController->filterAccessControl(Object(CFilterChain))
#20 /home4/lofty/public_html/loftybook/yii/framework/web/filters/CFilterChain.php(130): CInlineFilter->filter(Object(CFilterChain))
#21 /home4/lofty/public_html/loftybook/yii/framework/web/CController.php(291): CFilterChain->run()
#22 /home4/lofty/public_html/loftybook/yii/framework/web/CController.php(265): CController->runActionWithFilters(Object(CInlineAction), Array)
#23 /home4/lofty/public_html/loftybook/yii/framework/web/CWebApplication.php(282): CController->run('create')
#24 /home4/lofty/public_html/loftybook/yii/framework/web/CWebApplication.php(141): CWebApplication->runController('price/create')
#25 /home4/lofty/public_html/loftybook/yii/framework/base/CApplication.php(180): CWebApplication->processRequest()
#26 /home4/lofty/public_html/loftybook/yii/prices/index.php(13): CApplication->run()
#27 {main}
REQUEST_URI=/yii/prices/index.php?r=price/create
HTTP_REFERER=http://prices.theloftsgards.com/yii/prices/index.php?r=price/index
---
